<?xml version="1.0" encoding="UTF-8"?>
<!-- Generated by org.testng.reporters.JUnitReportReporter -->
<testsuite hostname="joeltorres-HP" failures="0" tests="1" name="pe.com.galaxy.tarea1.Login" time="16.707" errors="0" timestamp="2022-09-13T22:25:59 PET" skipped="0">
  <testcase classname="pe.com.galaxy.tarea1.Login" name="log" time="16.707"/>
  <system-out/>
</testsuite> <!-- pe.com.galaxy.tarea1.Login -->
